# JRE version: OpenJDK Runtime Environment (11.0.12+7) (build 11.0.12+7-b1504.28-7817840)
# Java VM: OpenJDK 64-Bit Server VM (11.0.12+7-b1504.28-7817840, mixed mode, tiered, compressed oops, g1 gc, windows-amd64)
Heap:
 garbage-first heap   total 667648K, used 223318K [0x0000000080000000, 0x0000000100000000)
  region size 1024K, 5 young (5120K), 5 survivors (5120K)
 Metaspace       used 160080K, capacity 165735K, committed 166000K, reserved 1193984K
  class space    used 19482K, capacity 21521K, committed 21580K, reserved 1048576K
GC Heap History (20 events):
Event: 11144.119 GC heap after
{Heap after GC invocations=464 (full 0):
 garbage-first heap   total 287744K, used 203139K [0x0000000080000000, 0x0000000100000000)
  region size 1024K, 3 young (3072K), 3 survivors (3072K)
 Metaspace       used 157508K, capacity 162970K, committed 163056K, reserved 1191936K
  class space    used 19226K, capacity 21183K, committed 21196K, reserved 1048576K
}
Event: 11144.227 GC heap before
{Heap before GC invocations=464 (full 0):
 garbage-first heap   total 287744K, used 214403K [0x0000000080000000, 0x0000000100000000)
  region size 1024K, 14 young (14336K), 3 survivors (3072K)
 Metaspace       used 157562K, capacity 163034K, committed 163312K, reserved 1191936K
  class space    used 19226K, capacity 21183K, committed 21196K, reserved 1048576K
}
Event: 11144.256 GC heap after
{Heap after GC invocations=465 (full 0):
 garbage-first heap   total 287744K, used 186206K [0x0000000080000000, 0x0000000100000000)
  region size 1024K, 2 young (2048K), 2 survivors (2048K)
 Metaspace       used 157562K, capacity 163034K, committed 163312K, reserved 1191936K
  class space    used 19226K, capacity 21183K, committed 21196K, reserved 1048576K
}
Event: 11144.689 GC heap before
{Heap before GC invocations=465 (full 0):
 garbage-first heap   total 287744K, used 225118K [0x0000000080000000, 0x0000000100000000)
  region size 1024K, 41 young (41984K), 2 survivors (2048K)
 Metaspace       used 158090K, capacity 163517K, committed 163696K, reserved 1191936K
  class space    used 19265K, capacity 21216K, committed 21324K, reserved 1048576K
}
Event: 11144.745 GC heap after
{Heap after GC invocations=466 (full 0):
 garbage-first heap   total 287744K, used 188291K [0x0000000080000000, 0x0000000100000000)
  region size 1024K, 4 young (4096K), 4 survivors (4096K)
 Metaspace       used 158090K, capacity 163517K, committed 163696K, reserved 1191936K
  class space    used 19265K, capacity 21216K, committed 21324K, reserved 1048576K
}
Event: 11146.141 GC heap before
{Heap before GC invocations=467 (full 0):
 garbage-first heap   total 287744K, used 228227K [0x0000000080000000, 0x0000000100000000)
  region size 1024K, 45 young (46080K), 4 survivors (4096K)
 Metaspace       used 158502K, capacity 163993K, committed 164208K, reserved 1191936K
  class space    used 19295K, capacity 21258K, committed 21324K, reserved 1048576K
}
Event: 11146.160 GC heap after
{Heap after GC invocations=468 (full 0):
 garbage-first heap   total 287744K, used 188469K [0x0000000080000000, 0x0000000100000000)
  region size 1024K, 4 young (4096K), 4 survivors (4096K)
 Metaspace       used 158502K, capacity 163993K, committed 164208K, reserved 1191936K
  class space    used 19295K, capacity 21258K, committed 21324K, reserved 1048576K
}
Event: 11146.359 GC heap before
{Heap before GC invocations=468 (full 0):
 garbage-first heap   total 287744K, used 197685K [0x0000000080000000, 0x0000000100000000)
  region size 1024K, 14 young (14336K), 4 survivors (4096K)
 Metaspace       used 158545K, capacity 163999K, committed 164208K, reserved 1191936K
  class space    used 19299K, capacity 21259K, committed 21324K, reserved 1048576K
}
Event: 11146.387 GC heap after
{Heap after GC invocations=469 (full 0):
 garbage-first heap   total 287744K, used 182886K [0x0000000080000000, 0x0000000100000000)
  region size 1024K, 1 young (1024K), 1 survivors (1024K)
 Metaspace       used 158545K, capacity 163999K, committed 164208K, reserved 1191936K
  class space    used 19299K, capacity 21259K, committed 21324K, reserved 1048576K
}
Event: 11147.797 GC heap before
{Heap before GC invocations=469 (full 0):
 garbage-first heap   total 287744K, used 227942K [0x0000000080000000, 0x0000000100000000)
  region size 1024K, 46 young (47104K), 1 survivors (1024K)
 Metaspace       used 159073K, capacity 164621K, committed 164848K, reserved 1193984K
  class space    used 19341K, capacity 21315K, committed 21452K, reserved 1048576K
}
Event: 11147.850 GC heap after
{Heap after GC invocations=470 (full 0):
 garbage-first heap   total 393216K, used 183856K [0x0000000080000000, 0x0000000100000000)
  region size 1024K, 2 young (2048K), 2 survivors (2048K)
 Metaspace       used 159073K, capacity 164621K, committed 164848K, reserved 1193984K
  class space    used 19341K, capacity 21315K, committed 21452K, reserved 1048576K
}
Event: 11151.015 GC heap before
{Heap before GC invocations=471 (full 0):
 garbage-first heap   total 393216K, used 259632K [0x0000000080000000, 0x0000000100000000)
  region size 1024K, 78 young (79872K), 2 survivors (2048K)
 Metaspace       used 159203K, capacity 164732K, committed 165104K, reserved 1193984K
  class space    used 19356K, capacity 21326K, committed 21452K, reserved 1048576K
}
Event: 11151.039 GC heap after
{Heap after GC invocations=472 (full 0):
 garbage-first heap   total 393216K, used 186008K [0x0000000080000000, 0x0000000100000000)
  region size 1024K, 4 young (4096K), 4 survivors (4096K)
 Metaspace       used 159203K, capacity 164732K, committed 165104K, reserved 1193984K
  class space    used 19356K, capacity 21326K, committed 21452K, reserved 1048576K
}
Event: 11151.507 GC heap before
{Heap before GC invocations=472 (full 0):
 garbage-first heap   total 393216K, used 285336K [0x0000000080000000, 0x0000000100000000)
  region size 1024K, 94 young (96256K), 4 survivors (4096K)
 Metaspace       used 159241K, capacity 164806K, committed 165104K, reserved 1193984K
  class space    used 19359K, capacity 21329K, committed 21452K, reserved 1048576K
}
Event: 11151.672 GC heap after
{Heap after GC invocations=473 (full 0):
 garbage-first heap   total 393216K, used 204148K [0x0000000080000000, 0x0000000100000000)
  region size 1024K, 12 young (12288K), 12 survivors (12288K)
 Metaspace       used 159241K, capacity 164806K, committed 165104K, reserved 1193984K
  class space    used 19359K, capacity 21329K, committed 21452K, reserved 1048576K
}
Event: 11152.899 GC heap before
{Heap before GC invocations=474 (full 0):
 garbage-first heap   total 393216K, used 296308K [0x0000000080000000, 0x0000000100000000)
  region size 1024K, 103 young (105472K), 12 survivors (12288K)
 Metaspace       used 159713K, capacity 165301K, committed 165360K, reserved 1193984K
  class space    used 19429K, capacity 21441K, committed 21452K, reserved 1048576K
}
Event: 11152.970 GC heap after
{Heap after GC invocations=475 (full 0):
 garbage-first heap   total 393216K, used 220040K [0x0000000080000000, 0x0000000100000000)
  region size 1024K, 13 young (13312K), 13 survivors (13312K)
 Metaspace       used 159713K, capacity 165301K, committed 165360K, reserved 1193984K
  class space    used 19429K, capacity 21441K, committed 21452K, reserved 1048576K
}
Event: 11153.010 GC heap before
{Heap before GC invocations=475 (full 0):
 garbage-first heap   total 393216K, used 225160K [0x0000000080000000, 0x0000000100000000)
  region size 1024K, 19 young (19456K), 13 survivors (13312K)
 Metaspace       used 159759K, capacity 165380K, committed 165616K, reserved 1193984K
  class space    used 19433K, capacity 21446K, committed 21452K, reserved 1048576K
}
Event: 11153.046 GC heap after
{Heap after GC invocations=476 (full 0):
 garbage-first heap   total 393216K, used 221483K [0x0000000080000000, 0x0000000100000000)
  region size 1024K, 3 young (3072K), 3 survivors (3072K)
 Metaspace       used 159759K, capacity 165380K, committed 165616K, reserved 1193984K
  class space    used 19433K, capacity 21446K, committed 21452K, reserved 1048576K
}
Event: 11153.952 GC heap before
{Heap before GC invocations=476 (full 0):
 garbage-first heap   total 393216K, used 306475K [0x0000000080000000, 0x0000000100000000)
  region size 1024K, 87 young (89088K), 3 survivors (3072K)
 Metaspace       used 160080K, capacity 165735K, committed 166000K, reserved 1193984K
  class space    used 19482K, capacity 21521K, committed 21580K, reserved 1048576K
}

